This is pdfTeX, Version 3.14159265-2.6-1.40.15 (TeX Live 2014) (preloaded format=pdflatex 2014.5.25)  15 DEC 2014 05:40
entering extended mode
 restricted \write18 enabled.
 file:line:error style messages enabled.
 %&-line parsing enabled.
**vds229_TEXpaper.tex
(./vds229_TEXpaper.tex
LaTeX2e <2014/05/01>
Babel <3.9k> and hyphenation patterns for 78 languages loaded.
(/usr/local/texlive/2014/texmf-dist/tex/latex/base/article.cls
Document Class: article 2007/10/19 v1.4h Standard LaTeX document class
(/usr/local/texlive/2014/texmf-dist/tex/latex/base/size10.clo
File: size10.clo 2007/10/19 v1.4h Standard LaTeX file (size option)
)
\c@part=\count79
\c@section=\count80
\c@subsection=\count81
\c@subsubsection=\count82
\c@paragraph=\count83
\c@subparagraph=\count84
\c@figure=\count85
\c@table=\count86
\abovecaptionskip=\skip41
\belowcaptionskip=\skip42
\bibindent=\dimen102
)
(/usr/local/texlive/2014/texmf-dist/tex/latex/lipsum/lipsum.sty
Package: lipsum 2011/04/14 v1.2 150 paragraphs of Lorem Ipsum dummy text
\c@lips@count=\count87
)
(/usr/local/texlive/2014/texmf-dist/tex/latex/psnfss/mathpazo.sty
Package: mathpazo 2005/04/12 PSNFSS-v9.2a Palatino w/ Pazo Math (D.Puga, WaS) 
\symupright=\mathgroup4
)
(/usr/local/texlive/2014/texmf-dist/tex/latex/base/fontenc.sty
Package: fontenc 2005/09/27 v1.99g Standard LaTeX package

(/usr/local/texlive/2014/texmf-dist/tex/latex/base/t1enc.def
File: t1enc.def 2005/09/27 v1.99g Standard LaTeX file
LaTeX Font Info:    Redeclaring font encoding T1 on input line 43.
))
(/usr/local/texlive/2014/texmf-dist/tex/latex/microtype/microtype.sty
Package: microtype 2013/05/23 v2.5a Micro-typographical refinements (RS)

(/usr/local/texlive/2014/texmf-dist/tex/latex/graphics/keyval.sty
Package: keyval 2014/05/08 v1.15 key=value parser (DPC)
\KV@toks@=\toks14
)
\MT@toks=\toks15
\MT@count=\count88
LaTeX Info: Redefining \textls on input line 766.
\MT@outer@kern=\dimen103
LaTeX Info: Redefining \textmicrotypecontext on input line 1285.
\MT@listname@count=\count89

(/usr/local/texlive/2014/texmf-dist/tex/latex/microtype/microtype-pdftex.def
File: microtype-pdftex.def 2013/05/23 v2.5a Definitions specific to pdftex (RS)

LaTeX Info: Redefining \lsstyle on input line 915.
LaTeX Info: Redefining \lslig on input line 915.
\MT@outer@space=\skip43
)
Package microtype Info: Loading configuration file microtype.cfg.

(/usr/local/texlive/2014/texmf-dist/tex/latex/microtype/microtype.cfg
File: microtype.cfg 2013/05/23 v2.5a microtype main configuration file (RS)
))
(/usr/local/texlive/2014/texmf-dist/tex/latex/geometry/geometry.sty
Package: geometry 2010/09/12 v5.6 Page Geometry

(/usr/local/texlive/2014/texmf-dist/tex/generic/oberdiek/ifpdf.sty
Package: ifpdf 2011/01/30 v2.3 Provides the ifpdf switch (HO)
Package ifpdf Info: pdfTeX in PDF mode is detected.
)
(/usr/local/texlive/2014/texmf-dist/tex/generic/oberdiek/ifvtex.sty
Package: ifvtex 2010/03/01 v1.5 Detect VTeX and its facilities (HO)
Package ifvtex Info: VTeX not detected.
)
(/usr/local/texlive/2014/texmf-dist/tex/generic/ifxetex/ifxetex.sty
Package: ifxetex 2010/09/12 v0.6 Provides ifxetex conditional
)
\Gm@cnth=\count90
\Gm@cntv=\count91
\c@Gm@tempcnt=\count92
\Gm@bindingoffset=\dimen104
\Gm@wd@mp=\dimen105
\Gm@odd@mp=\dimen106
\Gm@even@mp=\dimen107
\Gm@layoutwidth=\dimen108
\Gm@layoutheight=\dimen109
\Gm@layouthoffset=\dimen110
\Gm@layoutvoffset=\dimen111
\Gm@dimlist=\toks16
)
(/usr/local/texlive/2014/texmf-dist/tex/latex/tools/multicol.sty
Package: multicol 2014/04/23 v1.8e multicolumn formatting (FMi)
\c@tracingmulticols=\count93
\mult@box=\box26
\multicol@leftmargin=\dimen112
\c@unbalance=\count94
\c@collectmore=\count95
\doublecol@number=\count96
\multicoltolerance=\count97
\multicolpretolerance=\count98
\full@width=\dimen113
\page@free=\dimen114
\premulticols=\dimen115
\postmulticols=\dimen116
\multicolsep=\skip44
\multicolbaselineskip=\skip45
\partial@page=\box27
\last@line=\box28
\maxbalancingoverflow=\dimen117
\mult@rightbox=\box29
\mult@grightbox=\box30
\mult@gfirstbox=\box31
\mult@firstbox=\box32
\@tempa=\box33
\@tempa=\box34
\@tempa=\box35
\@tempa=\box36
\@tempa=\box37
\@tempa=\box38
\@tempa=\box39
\@tempa=\box40
\@tempa=\box41
\@tempa=\box42
\@tempa=\box43
\@tempa=\box44
\@tempa=\box45
\@tempa=\box46
\@tempa=\box47
\@tempa=\box48
\@tempa=\box49
\c@columnbadness=\count99
\c@finalcolumnbadness=\count100
\last@try=\dimen118
\multicolovershoot=\dimen119
\multicolundershoot=\dimen120
\mult@nat@firstbox=\box50
\colbreak@box=\box51
\mc@col@check@num=\count101
)
(/usr/local/texlive/2014/texmf-dist/tex/latex/caption/caption.sty
Package: caption 2013/05/02 v3.3-89 Customizing captions (AR)

(/usr/local/texlive/2014/texmf-dist/tex/latex/caption/caption3.sty
Package: caption3 2013/05/02 v1.6-88 caption3 kernel (AR)
Package caption3 Info: TeX engine: e-TeX on input line 57.
\captionmargin=\dimen121
\captionmargin@=\dimen122
\captionwidth=\dimen123
\caption@tempdima=\dimen124
\caption@indent=\dimen125
\caption@parindent=\dimen126
\caption@hangindent=\dimen127
)
\c@ContinuedFloat=\count102
)
(/usr/local/texlive/2014/texmf-dist/tex/latex/booktabs/booktabs.sty
Package: booktabs 2005/04/14 v1.61803 publication quality tables
\heavyrulewidth=\dimen128
\lightrulewidth=\dimen129
\cmidrulewidth=\dimen130
\belowrulesep=\dimen131
\belowbottomsep=\dimen132
\aboverulesep=\dimen133
\abovetopsep=\dimen134
\cmidrulesep=\dimen135
\cmidrulekern=\dimen136
\defaultaddspace=\dimen137
\@cmidla=\count103
\@cmidlb=\count104
\@aboverulesep=\dimen138
\@belowrulesep=\dimen139
\@thisruleclass=\count105
\@lastruleclass=\count106
\@thisrulewidth=\dimen140
)
(/usr/local/texlive/2014/texmf-dist/tex/latex/float/float.sty
Package: float 2001/11/08 v1.3d Float enhancements (AL)
\c@float@type=\count107
\float@exts=\toks17
\float@box=\box52
\@float@everytoks=\toks18
\@floatcapt=\box53
)
(/usr/local/texlive/2014/texmf-dist/tex/latex/hyperref/hyperref.sty
Package: hyperref 2012/11/06 v6.83m Hypertext links for LaTeX

(/usr/local/texlive/2014/texmf-dist/tex/generic/oberdiek/hobsub-hyperref.sty
Package: hobsub-hyperref 2012/05/28 v1.13 Bundle oberdiek, subset hyperref (HO)


(/usr/local/texlive/2014/texmf-dist/tex/generic/oberdiek/hobsub-generic.sty
Package: hobsub-generic 2012/05/28 v1.13 Bundle oberdiek, subset generic (HO)
Package: hobsub 2012/05/28 v1.13 Construct package bundles (HO)
Package: infwarerr 2010/04/08 v1.3 Providing info/warning/error messages (HO)
Package: ltxcmds 2011/11/09 v1.22 LaTeX kernel commands for general use (HO)
Package: ifluatex 2010/03/01 v1.3 Provides the ifluatex switch (HO)
Package ifluatex Info: LuaTeX not detected.
Package hobsub Info: Skipping package `ifvtex' (already loaded).
Package: intcalc 2007/09/27 v1.1 Expandable calculations with integers (HO)
Package hobsub Info: Skipping package `ifpdf' (already loaded).
Package: etexcmds 2011/02/16 v1.5 Avoid name clashes with e-TeX commands (HO)
Package etexcmds Info: Could not find \expanded.
(etexcmds)             That can mean that you are not using pdfTeX 1.50 or
(etexcmds)             that some package has redefined \expanded.
(etexcmds)             In the latter case, load this package earlier.
Package: kvsetkeys 2012/04/25 v1.16 Key value parser (HO)
Package: kvdefinekeys 2011/04/07 v1.3 Define keys (HO)
Package: pdftexcmds 2011/11/29 v0.20 Utility functions of pdfTeX for LuaTeX (HO
)
Package pdftexcmds Info: LuaTeX not detected.
Package pdftexcmds Info: \pdf@primitive is available.
Package pdftexcmds Info: \pdf@ifprimitive is available.
Package pdftexcmds Info: \pdfdraftmode found.
Package: pdfescape 2011/11/25 v1.13 Implements pdfTeX's escape features (HO)
Package: bigintcalc 2012/04/08 v1.3 Expandable calculations on big integers (HO
)
Package: bitset 2011/01/30 v1.1 Handle bit-vector datatype (HO)
Package: uniquecounter 2011/01/30 v1.2 Provide unlimited unique counter (HO)
)
Package hobsub Info: Skipping package `hobsub' (already loaded).
Package: letltxmacro 2010/09/02 v1.4 Let assignment for LaTeX macros (HO)
Package: hopatch 2012/05/28 v1.2 Wrapper for package hooks (HO)
Package: xcolor-patch 2011/01/30 xcolor patch
Package: atveryend 2011/06/30 v1.8 Hooks at the very end of document (HO)
Package atveryend Info: \enddocument detected (standard20110627).
Package: atbegshi 2011/10/05 v1.16 At begin shipout hook (HO)
Package: refcount 2011/10/16 v3.4 Data extraction from label references (HO)
Package: hycolor 2011/01/30 v1.7 Color options for hyperref/bookmark (HO)
)
(/usr/local/texlive/2014/texmf-dist/tex/latex/oberdiek/auxhook.sty
Package: auxhook 2011/03/04 v1.3 Hooks for auxiliary files (HO)
)
(/usr/local/texlive/2014/texmf-dist/tex/latex/oberdiek/kvoptions.sty
Package: kvoptions 2011/06/30 v3.11 Key value format for package options (HO)
)
\@linkdim=\dimen141
\Hy@linkcounter=\count108
\Hy@pagecounter=\count109

(/usr/local/texlive/2014/texmf-dist/tex/latex/hyperref/pd1enc.def
File: pd1enc.def 2012/11/06 v6.83m Hyperref: PDFDocEncoding definition (HO)
)
\Hy@SavedSpaceFactor=\count110

(/usr/local/texlive/2014/texmf-dist/tex/latex/latexconfig/hyperref.cfg
File: hyperref.cfg 2002/06/06 v1.2 hyperref configuration of TeXLive
)
Package hyperref Info: Hyper figures OFF on input line 4443.
Package hyperref Info: Link nesting OFF on input line 4448.
Package hyperref Info: Hyper index ON on input line 4451.
Package hyperref Info: Plain pages OFF on input line 4458.
Package hyperref Info: Backreferencing OFF on input line 4463.
Package hyperref Info: Implicit mode ON; LaTeX internals redefined.
Package hyperref Info: Bookmarks ON on input line 4688.
\c@Hy@tempcnt=\count111

(/usr/local/texlive/2014/texmf-dist/tex/latex/url/url.sty
\Urlmuskip=\muskip10
Package: url 2013/09/16  ver 3.4  Verb mode for urls, etc.
)
LaTeX Info: Redefining \url on input line 5041.
\XeTeXLinkMargin=\dimen142
\Fld@menulength=\count112
\Field@Width=\dimen143
\Fld@charsize=\dimen144
Package hyperref Info: Hyper figures OFF on input line 6295.
Package hyperref Info: Link nesting OFF on input line 6300.
Package hyperref Info: Hyper index ON on input line 6303.
Package hyperref Info: backreferencing OFF on input line 6310.
Package hyperref Info: Link coloring OFF on input line 6315.
Package hyperref Info: Link coloring with OCG OFF on input line 6320.
Package hyperref Info: PDF/A mode OFF on input line 6325.
LaTeX Info: Redefining \ref on input line 6365.
LaTeX Info: Redefining \pageref on input line 6369.
\Hy@abspage=\count113
\c@Item=\count114
\c@Hfootnote=\count115
)

Package hyperref Message: Driver (autodetected): hpdftex.

(/usr/local/texlive/2014/texmf-dist/tex/latex/hyperref/hpdftex.def
File: hpdftex.def 2012/11/06 v6.83m Hyperref driver for pdfTeX
\Fld@listcount=\count116
\c@bookmark@seq@number=\count117

(/usr/local/texlive/2014/texmf-dist/tex/latex/oberdiek/rerunfilecheck.sty
Package: rerunfilecheck 2011/04/15 v1.7 Rerun checks for auxiliary files (HO)
Package uniquecounter Info: New unique counter `rerunfilecheck' on input line 2
82.
)
\Hy@SectionHShift=\skip46
)
(/usr/local/texlive/2014/texmf-dist/tex/latex/lettrine/lettrine.sty
File: lettrine.sty 2013/03/14 v1.64 (Daniel Flipo)
\c@DefaultLines=\count118
\DefaultFindent=\dimen145
\DefaultNindent=\dimen146
\DefaultSlope=\dimen147
\L@lbox=\box54
\L@tbox=\box55
\c@L@lines=\count119
\L@Pindent=\dimen148
\L@Findent=\dimen149
\L@Nindent=\dimen150
\L@lraise=\dimen151
\L@first=\dimen152
\L@next=\dimen153
\L@slope=\dimen154
\L@height=\dimen155
\LettrineWidth=\dimen156

Loading lettrine.cfg
(/usr/local/texlive/2014/texmf-dist/tex/latex/lettrine/lettrine.cfg))
(/usr/local/texlive/2014/texmf-dist/tex/latex/paralist/paralist.sty
Package: paralist 2013/06/09 v2.4 Extended list environments
\pltopsep=\skip47
\plpartopsep=\skip48
\plitemsep=\skip49
\plparsep=\skip50
\pl@lab=\toks19
)
(/usr/local/texlive/2014/texmf-dist/tex/latex/abstract/abstract.sty
Package: abstract 2009/06/08 v1.2a configurable abstracts
\abstitleskip=\skip51
\absleftindent=\skip52
\absrightindent=\skip53
\absparindent=\skip54
\absparsep=\skip55
)
(/usr/local/texlive/2014/texmf-dist/tex/latex/titlesec/titlesec.sty
Package: titlesec 2011/12/15 v2.10.0 Sectioning titles
\ttl@box=\box56
\beforetitleunit=\skip56
\aftertitleunit=\skip57
\ttl@plus=\dimen157
\ttl@minus=\dimen158
\ttl@toksa=\toks20
\titlewidth=\dimen159
\titlewidthlast=\dimen160
\titlewidthfirst=\dimen161
)
(/usr/local/texlive/2014/texmf-dist/tex/latex/titlesec/block.tss
File: block.tss 2011/12/15
)
(/usr/local/texlive/2014/texmf-dist/tex/latex/fancyhdr/fancyhdr.sty
\fancy@headwidth=\skip58
\f@ncyO@elh=\skip59
\f@ncyO@erh=\skip60
\f@ncyO@olh=\skip61
\f@ncyO@orh=\skip62
\f@ncyO@elf=\skip63
\f@ncyO@erf=\skip64
\f@ncyO@olf=\skip65
\f@ncyO@orf=\skip66
)
(/usr/local/texlive/2014/texmf-dist/tex/latex/graphics/graphicx.sty
Package: graphicx 2014/04/25 v1.0g Enhanced LaTeX Graphics (DPC,SPQR)

(/usr/local/texlive/2014/texmf-dist/tex/latex/graphics/graphics.sty
Package: graphics 2009/02/05 v1.0o Standard LaTeX Graphics (DPC,SPQR)

(/usr/local/texlive/2014/texmf-dist/tex/latex/graphics/trig.sty
Package: trig 1999/03/16 v1.09 sin cos tan (DPC)
)
(/usr/local/texlive/2014/texmf-dist/tex/latex/latexconfig/graphics.cfg
File: graphics.cfg 2010/04/23 v1.9 graphics configuration of TeX Live
)
Package graphics Info: Driver file: pdftex.def on input line 91.

(/usr/local/texlive/2014/texmf-dist/tex/latex/pdftex-def/pdftex.def
File: pdftex.def 2011/05/27 v0.06d Graphics/color for pdfTeX
\Gread@gobject=\count120
))
\Gin@req@height=\dimen162
\Gin@req@width=\dimen163
)
No file vds229_TEXpaper.aux.
\openout1 = `vds229_TEXpaper.aux'.

LaTeX Font Info:    Checking defaults for OML/cmm/m/it on input line 76.
LaTeX Font Info:    ... okay on input line 76.
LaTeX Font Info:    Checking defaults for T1/cmr/m/n on input line 76.
LaTeX Font Info:    ... okay on input line 76.
LaTeX Font Info:    Checking defaults for OT1/cmr/m/n on input line 76.
LaTeX Font Info:    ... okay on input line 76.
LaTeX Font Info:    Checking defaults for OMS/cmsy/m/n on input line 76.
LaTeX Font Info:    ... okay on input line 76.
LaTeX Font Info:    Checking defaults for OMX/cmex/m/n on input line 76.
LaTeX Font Info:    ... okay on input line 76.
LaTeX Font Info:    Checking defaults for U/cmr/m/n on input line 76.
LaTeX Font Info:    ... okay on input line 76.
LaTeX Font Info:    Checking defaults for PD1/pdf/m/n on input line 76.
LaTeX Font Info:    ... okay on input line 76.
LaTeX Font Info:    Try loading font information for T1+pplx on input line 76.
(/usr/local/texlive/2014/texmf-dist/tex/latex/psnfss/t1pplx.fd
File: t1pplx.fd 2004/09/06 font definitions for T1/pplx.
)
\big@size=\dimen164
LaTeX Info: Redefining \microtypecontext on input line 76.
Package microtype Info: Generating PDF output.
Package microtype Info: Character protrusion enabled (level 2).
Package microtype Info: Using default protrusion set `alltext'.
Package microtype Info: Automatic font expansion enabled (level 2),
(microtype)             stretch: 20, shrink: 20, step: 1, non-selected.
Package microtype Info: Using default expansion set `basictext'.
Package microtype Info: No adjustment of tracking.
Package microtype Info: No adjustment of interword spacing.
Package microtype Info: No adjustment of character kerning.

(/usr/local/texlive/2014/texmf-dist/tex/latex/microtype/mt-ppl.cfg
File: mt-ppl.cfg 2005/11/16 v1.6 microtype config. file: Palatino (RS)
)
*geometry* driver: auto-detecting
*geometry* detected driver: pdftex
*geometry* verbose mode - [ preamble ] result:
* driver: pdftex
* paper: <default>
* layout: <same size as paper>
* layoutoffset:(h,v)=(0.0pt,0.0pt)
* hratio: 1:1
* modes: twoside 
* h-part:(L,W,R)=(92.14519pt, 430.00462pt, 92.14519pt)
* v-part:(T,H,B)=(91.04881pt, 608.5238pt, 95.39737pt)
* \paperwidth=614.295pt
* \paperheight=794.96999pt
* \textwidth=430.00462pt
* \textheight=608.5238pt
* \oddsidemargin=19.8752pt
* \evensidemargin=19.8752pt
* \topmargin=-18.22118pt
* \headheight=12.0pt
* \headsep=25.0pt
* \topskip=10.0pt
* \footskip=30.0pt
* \marginparwidth=121.0pt
* \marginparsep=11.0pt
* \columnsep=20.0pt
* \skip\footins=9.0pt plus 4.0pt minus 2.0pt
* \hoffset=0.0pt
* \voffset=0.0pt
* \mag=1000
* \@twocolumnfalse
* \@twosidetrue
* \@mparswitchtrue
* \@reversemarginfalse
* (1in=72.27pt=25.4mm, 1cm=28.453pt)

Package caption Info: Begin \AtBeginDocument code.
Package caption Info: float package is loaded.
Package caption Info: hyperref package is loaded.
Package caption Info: End \AtBeginDocument code.
\AtBeginShipoutBox=\box57
Package hyperref Info: Link coloring OFF on input line 76.
(/usr/local/texlive/2014/texmf-dist/tex/latex/hyperref/nameref.sty
Package: nameref 2012/10/27 v2.43 Cross-referencing by name of section

(/usr/local/texlive/2014/texmf-dist/tex/generic/oberdiek/gettitlestring.sty
Package: gettitlestring 2010/12/03 v1.4 Cleanup title references (HO)
)
\c@section@level=\count121
)
LaTeX Info: Redefining \ref on input line 76.
LaTeX Info: Redefining \pageref on input line 76.
LaTeX Info: Redefining \nameref on input line 76.
\@outlinefile=\write3
\openout3 = `vds229_TEXpaper.out'.


(/usr/local/texlive/2014/texmf-dist/tex/context/base/supp-pdf.mkii
[Loading MPS to PDF converter (version 2006.09.02).]
\scratchcounter=\count122
\scratchdimen=\dimen165
\scratchbox=\box58
\nofMPsegments=\count123
\nofMParguments=\count124
\everyMPshowfont=\toks21
\MPscratchCnt=\count125
\MPscratchDim=\dimen166
\MPnumerator=\count126
\makeMPintoPDFobject=\count127
\everyMPtoPDFconversion=\toks22
) (/usr/local/texlive/2014/texmf-dist/tex/latex/oberdiek/epstopdf-base.sty
Package: epstopdf-base 2010/02/09 v2.5 Base part for package epstopdf

(/usr/local/texlive/2014/texmf-dist/tex/latex/oberdiek/grfext.sty
Package: grfext 2010/08/19 v1.1 Manage graphics extensions (HO)
)
Package grfext Info: Graphics extension search list:
(grfext)             [.png,.pdf,.jpg,.mps,.jpeg,.jbig2,.jb2,.PNG,.PDF,.JPG,.JPE
G,.JBIG2,.JB2,.eps]
(grfext)             \AppendGraphicsExtensions on input line 452.

(/usr/local/texlive/2014/texmf-dist/tex/latex/latexconfig/epstopdf-sys.cfg
File: epstopdf-sys.cfg 2010/07/13 v1.3 Configuration of (r)epstopdf for TeX Liv
e
))
LaTeX Font Info:    Font shape `T1/pplx/bx/n' in size <24> not available
(Font)              Font shape `T1/pplx/b/n' tried instead on input line 79.
LaTeX Font Info:    Try loading font information for OT1+pplx on input line 79.


(/usr/local/texlive/2014/texmf-dist/tex/latex/psnfss/ot1pplx.fd
File: ot1pplx.fd 2004/09/06 font definitions for OT1/pplx.
)
LaTeX Font Info:    Try loading font information for OML+zplm on input line 79.


(/usr/local/texlive/2014/texmf-dist/tex/latex/psnfss/omlzplm.fd
File: omlzplm.fd 2002/09/08 Fontinst v1.914 font definitions for OML/zplm.
)
LaTeX Font Info:    Try loading font information for OMS+zplm on input line 79.


(/usr/local/texlive/2014/texmf-dist/tex/latex/psnfss/omszplm.fd
File: omszplm.fd 2002/09/08 Fontinst v1.914 font definitions for OMS/zplm.
)
LaTeX Font Info:    Try loading font information for OMX+zplm on input line 79.


(/usr/local/texlive/2014/texmf-dist/tex/latex/psnfss/omxzplm.fd
File: omxzplm.fd 2002/09/08 Fontinst v1.914 font definitions for OMX/zplm.
)
LaTeX Font Info:    Try loading font information for OT1+zplm on input line 79.


(/usr/local/texlive/2014/texmf-dist/tex/latex/psnfss/ot1zplm.fd
File: ot1zplm.fd 2002/09/08 Fontinst v1.914 font definitions for OT1/zplm.
)
Package microtype Info: Loading generic settings for font family
(microtype)             `zplm' (encoding: OT1).
(microtype)             For optimal results, create family-specific settings.
(microtype)             See the microtype manual for details.
Package microtype Info: Character `029' is missing
(microtype)             in font `T1/pplx/m/sc/12'.
(microtype)             Ignoring protrusion settings for this character.
LaTeX Font Info:    Font shape `T1/pplx/bx/n' in size <10> not available
(Font)              Font shape `T1/pplx/b/n' tried instead on input line 86.
LaTeX Font Info:    Font shape `T1/pplx/bx/it' in size <9> not available
(Font)              Font shape `T1/pplx/b/it' tried instead on input line 90.
Package microtype Info: Character `029' is missing
(microtype)             in font `T1/pplx/m/sc/10'.
(microtype)             Ignoring protrusion settings for this character.


LaTeX Warning: Citation `12' on page 1 undefined on input line 102.


Underfull \hbox (badness 10000) in paragraph at lines 102--103
[][]\T1/pplx/m/n/10 (+20) line ad-ver-tis-ing has un-der-gone
 []


LaTeX Warning: Citation `13' on page 1 undefined on input line 104.

[1

{/usr/local/texlive/2014/texmf-var/fonts/map/pdftex/updmap/pdftex.map}]

LaTeX Warning: Citation `1' on page 2 undefined on input line 109.


LaTeX Warning: Citation `1' on page 2 undefined on input line 111.


LaTeX Warning: Citation `1' on page 2 undefined on input line 111.


LaTeX Warning: Citation `1' on page 2 undefined on input line 111.


LaTeX Warning: Citation `2' on page 2 undefined on input line 113.


LaTeX Warning: Citation `2' on page 2 undefined on input line 113.


LaTeX Warning: Citation `15' on page 2 undefined on input line 119.

[2]

LaTeX Warning: Citation `15' on page 3 undefined on input line 121.

LaTeX Font Info:    Try loading font information for T1+cmtt on input line 121.

(/usr/local/texlive/2014/texmf-dist/tex/latex/base/t1cmtt.fd
File: t1cmtt.fd 1999/05/25 v2.5h Standard LaTeX font definitions
)
Package microtype Info: Loading generic settings for font family
(microtype)             `cmtt' (encoding: T1).
(microtype)             For optimal results, create family-specific settings.
(microtype)             See the microtype manual for details.


LaTeX Warning: Citation `22' on page 3 undefined on input line 121.


LaTeX Warning: Citation `19' on page 3 undefined on input line 124.


LaTeX Warning: Citation `20' on page 3 undefined on input line 124.


LaTeX Warning: Citation `23' on page 3 undefined on input line 127.


LaTeX Warning: Citation `21' on page 3 undefined on input line 127.


LaTeX Warning: Citation `27' on page 3 undefined on input line 131.


LaTeX Warning: Citation `7' on page 3 undefined on input line 131.


LaTeX Warning: Citation `7' on page 3 undefined on input line 131.


LaTeX Warning: Citation `30' on page 3 undefined on input line 134.


LaTeX Warning: Citation `10' on page 3 undefined on input line 134.


LaTeX Warning: Citation `32' on page 3 undefined on input line 136.


LaTeX Warning: Citation `4' on page 3 undefined on input line 136.


LaTeX Warning: Citation `6' on page 3 undefined on input line 136.

[3]
Overfull \hbox (4.94643pt too wide) in paragraph at lines 172--172
[]\T1/cmtt/m/n/10 insert overwrite table segment_hispanic2[] 
 []


LaTeX Warning: Citation `16' on page 4 undefined on input line 179.


LaTeX Warning: Citation `16' on page 4 undefined on input line 179.

[4]

LaTeX Warning: Citation `24' on page 5 undefined on input line 194.


LaTeX Warning: Citation `26' on page 5 undefined on input line 194.


LaTeX Warning: Citation `23' on page 5 undefined on input line 194.


LaTeX Warning: Citation `24' on page 5 undefined on input line 194.


Overfull \hbox (10.19514pt too wide) in paragraph at lines 208--208
[]                \T1/cmtt/m/n/10 , type="C-classification"[] 
 []


LaTeX Warning: Citation `29' on page 5 undefined on input line 211.


LaTeX Warning: Citation `4' on page 5 undefined on input line 234.

[5]
LaTeX Font Info:    Font shape `T1/pplx/bx/n' in size <9> not available
(Font)              Font shape `T1/pplx/b/n' tried instead on input line 256.
 <../data/nb_acc.png, id=46, 323.2075pt x 297.11pt>
File: ../data/nb_acc.png Graphic file (type png)

<use ../data/nb_acc.png>
Package pdftex.def Info: ../data/nb_acc.png used on input line 287.
(pdftex.def)             Requested size: 227.62204pt x 209.24043pt.

Overfull \hbox (22.61974pt too wide) in paragraph at lines 287--288
 [][] 
 []

[6 <../data/nb_acc.png>] <../data/svm_acc.png, id=60, 323.2075pt x 297.11pt>
File: ../data/svm_acc.png Graphic file (type png)

<use ../data/svm_acc.png>
Package pdftex.def Info: ../data/svm_acc.png used on input line 325.
(pdftex.def)             Requested size: 227.62204pt x 209.24043pt.

Overfull \hbox (22.61974pt too wide) in paragraph at lines 325--326
 [][] 
 []

<../data/gbm_acc.png, id=61, 323.2075pt x 297.11pt>
File: ../data/gbm_acc.png Graphic file (type png)
 <use ../data/gbm_acc.png>
Package pdftex.def Info: ../data/gbm_acc.png used on input line 365.
(pdftex.def)             Requested size: 227.62204pt x 209.24043pt.

Overfull \hbox (22.61974pt too wide) in paragraph at lines 365--366
 [][] 
 []

[7 <../data/svm_acc.png>]

./vds229_TEXpaper.tex:403: LaTeX Error: File `../data/glm_fit' not found.

See the LaTeX manual or LaTeX Companion for explanation.
Type  H <return>  for immediate help.
 ...                                              
                                                  
l.403 ...cludegraphics[width=8cm]{../data/glm_fit}
                                                  
? 
<../data/all_fit.png, id=74, 323.2075pt x 297.11pt>
File: ../data/all_fit.png Graphic file (type png)
 <use ../data/all_fit.png>
Package pdftex.def Info: ../data/all_fit.png used on input line 411.
(pdftex.def)             Requested size: 227.62204pt x 209.24043pt.

Overfull \hbox (22.61974pt too wide) in paragraph at lines 411--412
 [][] 
 []

<../data/all_pred.png, id=75, 323.2075pt x 297.11pt>
File: ../data/all_pred.png Graphic file (type png)

<use ../data/all_pred.png>
Package pdftex.def Info: ../data/all_pred.png used on input line 419.
(pdftex.def)             Requested size: 227.62204pt x 209.24043pt.

Overfull \hbox (22.61974pt too wide) in paragraph at lines 419--420
 [][] 
 []


Overfull \vbox (6.19543pt too high) has occurred while \output is active []


[8 <../data/gbm_acc.png> <../data/all_fit.png>]

LaTeX Warning: Citation `18' on page 9 undefined on input line 434.


LaTeX Warning: Citation `8' on page 9 undefined on input line 434.

[9 <../data/all_pred.png>]
Underfull \hbox (badness 10000) in paragraph at lines 448--449
[]\T1/pplx/m/n/10 (+20) Connolly, M (2014). What is
 []


Underfull \hbox (badness 10000) in paragraph at lines 448--449
\T1/pplx/m/n/10 (+20) next for the world of ad-ver-
 []


Underfull \hbox (badness 10000) in paragraph at lines 448--449
\T1/pplx/m/n/10 (+20) tis-ing tech-nol-ogy? The Wall.
 []


Underfull \hbox (badness 10000) in paragraph at lines 448--449
\T1/pplx/m/n/10 (-15) http://wallblog.co.uk/2014/02/12/what-
 []


Underfull \hbox (badness 10000) in paragraph at lines 448--449
\T1/pplx/m/n/10 (+20) is-next-for-the-world-of-advertising-
 []


Underfull \hbox (badness 10000) in paragraph at lines 449--450
[]\T1/pplx/m/n/10 (+20) (2014) Dis-play Ad-ver-tis-ing Fun-
 []


Underfull \hbox (badness 10000) in paragraph at lines 449--450
\T1/pplx/m/n/10 (+20) da-men-tals: the Key Play-ers.
 []


Underfull \hbox (badness 10000) in paragraph at lines 449--450
\T1/pplx/m/n/10 (+20) http://www.grovo.com/display-
 []


Underfull \hbox (badness 10000) in paragraph at lines 449--450
\T1/pplx/m/n/10 (+20) advertising-fundamentals/the-key-
 []


Underfull \hbox (badness 10000) in paragraph at lines 451--452
[]\T1/pplx/m/n/10 (+20) Allison, P (2012). Lo-gis-tic Re-gres-
 []


Overfull \hbox (12.89977pt too wide) in paragraph at lines 451--452
\T1/pplx/m/n/10 (-20) http://www.statisticalhorizons.com/logistic-
 []


Underfull \hbox (badness 10000) in paragraph at lines 452--453
[]\T1/pplx/m/n/10 (+20) (2014). 1.7. Naive Bayes.
 []


Underfull \hbox (badness 10000) in paragraph at lines 452--453
\T1/pplx/m/n/10 (+20) scikit: learn. http://scikit-
 []


Overfull \hbox (11.38097pt too wide) in paragraph at lines 452--453
\T1/pplx/m/n/10 (-20) learn.org/stable/modules/naive_bayes.html 
 []


Underfull \hbox (badness 5578) in paragraph at lines 453--454
[]\T1/pplx/m/n/10 (+20) (2014). Data Min-ing Al-go-rithms in
 []


Overfull \hbox (255.9462pt too wide) in paragraph at lines 453--454
\T1/pplx/m/n/10 (-20) http://en.wikibooks.org/wiki/Data_Mining_Algorithms_In_R/
Classification/Na%C3%AFve_Bayes 
 []


Underfull \hbox (badness 10000) in paragraph at lines 454--455
[]\T1/pplx/m/n/10 (+20) Breiman, L. and Cut-
 []


Underfull \hbox (badness 10000) in paragraph at lines 454--455
\T1/pplx/m/n/10 (+20) ler, A. Ran-dom Forests.
 []


Overfull \hbox (131.79947pt too wide) in paragraph at lines 454--455
\T1/pplx/m/n/10 (-20) https://www.stat.berkeley.edu/[]breiman/RandomForests/cc_
home.htm 
 []


Underfull \hbox (badness 10000) in paragraph at lines 455--456
[]\T1/pplx/m/n/10 (+20) Lim, A (2014). Pack-age 'bi-grf'.
 []


Underfull \hbox (badness 10000) in paragraph at lines 455--456
\T1/pplx/m/n/10 (+20) CRAN R-Project: http://cran.r-
 []


Overfull \hbox (3.62299pt too wide) in paragraph at lines 455--456
\T1/pplx/m/n/10 (-20) project.org/web/packages/bigrf/bigrf.pdf 
 []


Underfull \hbox (badness 5578) in paragraph at lines 456--457
[]\T1/pplx/m/n/10 (+20) (2014). Data Min-ing Al-go-rithms in
 []


Underfull \hbox (badness 10000) in paragraph at lines 456--457
\T1/pplx/m/n/10 (+20) R/Classification/SVM. Wik-i-Books:
 []


Overfull \hbox (183.85126pt too wide) in paragraph at lines 456--457
\T1/pplx/m/n/10 (-20) http://en.wikibooks.org/wiki/Data_Mining_Algorithms_In_R/
Classification/SVM 
 []


Overfull \hbox (18.34967pt too wide) in paragraph at lines 458--459
\T1/pplx/m/n/10 (-20) http://www.statsoft.com/Textbook/Boosting-
 []


Underfull \hbox (badness 10000) in paragraph at lines 459--460
[]\T1/pplx/m/n/10 (+20) Campbell, W. (2014). Us-ing a
 []


Underfull \hbox (badness 10000) in paragraph at lines 459--460
\T1/pplx/m/n/10 (+20) GBM for Clas-si-fi-ca-tion in R.
 []


Underfull \hbox (badness 6332) in paragraph at lines 460--461
[]\T1/pplx/m/n/10 (+20) Christopher M. Bishop (2006). Pat-
 []


Underfull \hbox (badness 7944) in paragraph at lines 461--462
[]\T1/pplx/m/n/10 (+20) Bifet, A., Kirkby, R., Philip, K.,
 []


Underfull \hbox (badness 10000) in paragraph at lines 461--462
\T1/pplx/m/n/10 (+20) Reute-mann, P. (2012). Mas-sive
 []


Underfull \hbox (badness 10000) in paragraph at lines 461--462
\T1/pplx/m/n/10 (+20) On-line Anal-y-sis Man-ual. COSI.
 []


Overfull \hbox (61.11859pt too wide) in paragraph at lines 461--462
\T1/pplx/m/n/10 (-20) http://jwijffels.github.io/RMOA/doc/pdf/Manual.pdf 
 []


Underfull \hbox (badness 10000) in paragraph at lines 462--463
[]\T1/pplx/m/n/10 (+20) Shalizi, Cosma (2012). Chap-
 []


Underfull \hbox (badness 10000) in paragraph at lines 462--463
\T1/pplx/m/n/10 (+20) ter 12: Lo-gis-tic Re-gres-sion.
 []


Underfull \hbox (badness 10000) in paragraph at lines 462--463
\T1/pplx/m/n/10 (+20) http://www.stat.cmu.edu/ cshal-
 []


Underfull \hbox (badness 5288) in paragraph at lines 463--464
\T1/pplx/m/n/10 (+20) net'. CRAN R-Project. http://cran.r-
 []


Overfull \hbox (23.00735pt too wide) in paragraph at lines 463--464
\T1/pplx/m/n/10 (-20) project.org/web/packages/glmnet/glmnet.pdf 
 []


Underfull \hbox (badness 10000) in paragraph at lines 464--465
[]\T1/pplx/m/n/10 (+20) Friedman, J., Hastie, T., Si-mon,
 []


Underfull \hbox (badness 10000) in paragraph at lines 464--465
\T1/pplx/m/n/10 (+20) N., Tib-shi-rani, R. (2014). glm-
 []


Underfull \hbox (badness 10000) in paragraph at lines 464--465
\T1/pplx/m/n/10 (+20) net. inside-R: http://www.inside-
 []


Overfull \hbox (6.03516pt too wide) in paragraph at lines 464--465
\T1/pplx/m/n/10 (-20) r.org/packages/cran/glmnet/docs/glmnet 
 []


Underfull \hbox (badness 10000) in paragraph at lines 465--466
[]\T1/pplx/m/n/10 (+20) Meyer, D. (2014). naive-Bayes.
 []


Underfull \hbox (badness 10000) in paragraph at lines 465--466
\T1/pplx/m/n/10 (+20) inside-R: http://www.inside-
 []


Overfull \hbox (16.94873pt too wide) in paragraph at lines 465--466
\T1/pplx/m/n/10 (-20) r.org/packages/cran/e1071/docs/naiveBayes 
 []

[10]
Underfull \hbox (badness 10000) in paragraph at lines 466--467
[]\T1/pplx/m/n/10 (+20) Meyer, D. (2014). svm. inside-R:
 []


Underfull \hbox (badness 10000) in paragraph at lines 467--468
[]\T1/pplx/m/n/10 (+20) (2014). Sup-port Vec-tor Ma-chines
 []


Overfull \hbox (12.67429pt too wide) in paragraph at lines 467--468
\T1/pplx/m/n/10 (-20) http://www.statsoft.com/textbook/support-
 []


Underfull \hbox (badness 10000) in paragraph at lines 468--469
[]\T1/pplx/m/n/10 (+20) Ridgeway, G. (2014). gbm.
 []


Underfull \hbox (badness 10000) in paragraph at lines 468--469
\T1/pplx/m/n/10 (+20) inside-R: http://www.inside-
 []


Underfull \hbox (badness 10000) in paragraph at lines 469--470
[]\T1/pplx/m/n/10 (+20) (2014). Apache Ma-hout.
 []

Package atveryend Info: Empty hook `BeforeClearDocument' on input line 477.
[11]
Package atveryend Info: Empty hook `AfterLastShipout' on input line 477.
 (./vds229_TEXpaper.aux)
Package atveryend Info: Executing hook `AtVeryEndDocument' on input line 477.
Package atveryend Info: Executing hook `AtEndAfterFileList' on input line 477.


Package rerunfilecheck Warning: File `vds229_TEXpaper.out' has changed.
(rerunfilecheck)                Rerun to get outlines right
(rerunfilecheck)                or use package `bookmark'.

Package rerunfilecheck Info: Checksums for `vds229_TEXpaper.out':
(rerunfilecheck)             Before: <no file>
(rerunfilecheck)             After:  D62D4A33DD2B1BAFA362CF6CE4FA9559;1368.

LaTeX Warning: There were undefined references.


LaTeX Warning: Label(s) may have changed. Rerun to get cross-references right.

Package atveryend Info: Empty hook `AtVeryVeryEnd' on input line 477.
 ) 
Here is how much of TeX's memory you used:
 9752 strings out of 493117
 149313 string characters out of 6135433
 359228 words of memory out of 5000000
 12739 multiletter control sequences out of 15000+600000
 68435 words of font info for 263 fonts, out of 8000000 for 9000
 1141 hyphenation exceptions out of 8191
 36i,11n,43p,1409b,702s stack positions out of 5000i,500n,10000p,200000b,80000s
{/usr/local/texlive/2014/texmf-dist/fonts/enc/dvips/cm-super/cm-super-t1.enc}
{/usr/local/texlive/2014/texmf-dist/fonts/enc/dvips/base/8r.enc}</usr/local/tex
live/2014/texmf-dist/fonts/type1/public/amsfonts/cm/cmr10.pfb></usr/local/texli
ve/2014/texmf-dist/fonts/type1/public/amsfonts/cm/cmsy10.pfb></usr/local/texliv
e/2014/texmf-dist/fonts/type1/public/fpl/fplrc8a.pfb></usr/local/texlive/2014/t
exmf-dist/fonts/type1/public/cm-super/sftt1000.pfb></usr/local/texlive/2014/tex
mf-dist/fonts/type1/urw/palatino/uplb8a.pfb></usr/local/texlive/2014/texmf-dist
/fonts/type1/urw/palatino/uplbi8a.pfb></usr/local/texlive/2014/texmf-dist/fonts
/type1/urw/palatino/uplr8a.pfb></usr/local/texlive/2014/texmf-dist/fonts/type1/
urw/palatino/uplri8a.pfb>
Output written on vds229_TEXpaper.pdf (11 pages, 229234 bytes).
PDF statistics:
 174 PDF objects out of 1000 (max. 8388607)
 141 compressed objects within 2 object streams
 70 named destinations out of 1000 (max. 500000)
 48154 words of extra memory for PDF output out of 51595 (max. 10000000)

