\BOOKMARK [1][-]{section.1}{Introduction}{}% 1
\BOOKMARK [2][-]{subsection.1.1}{Classifying Rare Events}{section.1}% 2
\BOOKMARK [2][-]{subsection.1.2}{Classification Algorithms}{section.1}% 3
\BOOKMARK [3][-]{subsubsection.1.2.1}{Naive Bayes}{subsection.1.2}% 4
\BOOKMARK [3][-]{subsubsection.1.2.2}{Random Forest}{subsection.1.2}% 5
\BOOKMARK [3][-]{subsubsection.1.2.3}{Support Vector Machines}{subsection.1.2}% 6
\BOOKMARK [3][-]{subsubsection.1.2.4}{Gradient Boosted Model}{subsection.1.2}% 7
\BOOKMARK [3][-]{subsubsection.1.2.5}{Logistic Regression}{subsection.1.2}% 8
\BOOKMARK [1][-]{section.2}{Design}{}% 9
\BOOKMARK [2][-]{subsection.2.1}{Naive Bayes}{section.2}% 10
\BOOKMARK [2][-]{subsection.2.2}{Support Vector Machines}{section.2}% 11
\BOOKMARK [2][-]{subsection.2.3}{Gradient Boosted Model}{section.2}% 12
\BOOKMARK [2][-]{subsection.2.4}{Logistic Regression}{section.2}% 13
\BOOKMARK [1][-]{section.3}{Results}{}% 14
\BOOKMARK [2][-]{subsection.3.1}{Naive Bayes}{section.3}% 15
\BOOKMARK [2][-]{subsection.3.2}{Support Vector Machines}{section.3}% 16
\BOOKMARK [2][-]{subsection.3.3}{Gradient Boosted Model}{section.3}% 17
\BOOKMARK [2][-]{subsection.3.4}{Logistic Regression}{section.3}% 18
\BOOKMARK [2][-]{subsection.3.5}{Comparison}{section.3}% 19
\BOOKMARK [1][-]{section.4}{Discussion}{}% 20
\BOOKMARK [1][-]{section.5}{Acknowledgements}{}% 21
